#Sonstiges
Mobilfunk: Geräte & content
Mobilfunk: Netze & Tarife
Unterhaltungselektronik
Computer
Nahrungsmittel
Getränke
Mode
Genussmitel
Fitness/ Wellness / Sport
Gaming
Auto/Motorrad
Tourismus/ Reisen
Körperpflege/ Kosmetik
Musik - Mainstream Pop/Rock/Hiphop etc.
Musik - Independent/ Nische
Events - Lifemusik
Finanzprodukte
Bildung
eCommerce: Smart Shopping
Umwelt
Familie: Babies
Einrichtung
Haushaltsprodukte
Film
Literatur/Meiden/Verlage
OTC-Pharma-Produkte
Hobbies
Tiere
#Widersprüchlich
#Vorposter/Gruppenspiel
